[  ] : '12345678912345678900'
[  ] : '测试'
[  ] : '第三方返回错误:\'\''

--------------------------------------------------------------------------------
[ idcard ] : '12345678912345678900'
[ real_name ] : '测试'
[ error ] : '请求第三方失败'

--------------------------------------------------------------------------------
[ idcard ] : '12345678912345678900'
[ real_name ] : '测试'
[ error ] : '请求第三方失败'
[ date ] : '2018-11-06 09:30:58'
[ post ] : array (
)

--------------------------------------------------------------------------------
[ idcard ] : '12345678912345678900'
[ real_name ] : '测试'
[ error ] : '请求第三方失败'
[ ip ] : '127.0.0.1'
[ date ] : '2018-11-06 10:22:23'
[ post ] : array (
)

--------------------------------------------------------------------------------
[ idcard ] : '12345678912345678900'
[ real_name ] : '测试'
[ error ] : '请求第三方失败'
[ ip ] : '127.0.0.1'
[ date ] : '2018-11-06 10:22:28'
[ post ] : array (
)

--------------------------------------------------------------------------------
[ idcard ] : '123456789123456789'
[ real_name ] : '林胜'
[ error ] : '请求第三方失败'
[ ip ] : '127.0.0.1'
[ date ] : '2018-11-06 17:13:29'
[ post ] : array (
  'idcard' => '123456789123456789',
  'real_name' => '林胜',
)

--------------------------------------------------------------------------------
[ idcard ] : '123456789123456789'
[ real_name ] : '林胜'
[ error ] : '请求第三方失败'
[ ip ] : '127.0.0.1'
[ date ] : '2018-11-06 17:18:06'
[ post ] : array (
  'idcard' => '123456789123456789',
  'real_name' => '林胜',
)

--------------------------------------------------------------------------------
[ idcard ] : '123456789123456789'
[ real_name ] : '林胜'
[ error ] : '请求第三方失败'
[ ip ] : '127.0.0.1'
[ date ] : '2018-11-06 17:18:09'
[ post ] : array (
  'idcard' => '123456789123456789',
  'real_name' => '林胜',
)

--------------------------------------------------------------------------------
[ idcard ] : '123456789123456789'
[ real_name ] : '林胜'
[ error ] : '请求第三方失败'
[ ip ] : '127.0.0.1'
[ date ] : '2018-11-06 17:19:44'
[ post ] : array (
  'idcard' => '123456789123456789',
  'real_name' => '林胜',
)

--------------------------------------------------------------------------------
[ idcard ] : '123456789123456789'
[ real_name ] : '林胜'
[ error ] : '请求第三方失败'
[ ip ] : '127.0.0.1'
[ date ] : '2018-11-06 17:34:34'
[ post ] : array (
  'idcard' => '123456789123456789',
  'real_name' => '林胜',
)

--------------------------------------------------------------------------------
[ idcard ] : '123456789123456789'
[ real_name ] : '林胜'
[ error ] : '接口返回异常:身份证格式不正确！'
[ ip ] : '127.0.0.1'
[ date ] : '2018-11-06 17:43:57'
[ post ] : array (
  'idcard' => '123456789123456789',
  'real_name' => '林胜',
)

--------------------------------------------------------------------------------
