[ param ] : array (
  'code' => '313999',
  'time' => 10,
)
[ phone ] : '18797818194'
[ temp ] : NULL
[ sign ] : '念菲2'
[ error ] : '入库失败'
[ ip ] : '127.0.0.1'
[ date ] : '2019-01-03 14:18:51'
[ post ] : array (
  'phone' => '18797818194',
  'temp_id' => 1001,
  'sign_id' => 1001,
)

--------------------------------------------------------------------------------
[ param ] : array (
  'code' => '087122',
  'time' => 10,
)
[ phone ] : '18797818194'
[ temp ] : '您的验证码是@{code},@{time}分钟内有效!'
[ sign ] : '念菲网络'
[ error ] : '入库失败'
[ ip ] : '127.0.0.1'
[ date ] : '2019-01-03 14:29:44'
[ post ] : array (
  'phone' => '18797818194',
  'temp_id' => 1001,
  'sign_id' => 1000,
)

--------------------------------------------------------------------------------
[ param ] : array (
  'code' => '966296',
  'time' => 10,
)
[ phone ] : '18797818194'
[ temp ] : '您的验证码是@{code},@{time}分钟内有效!'
[ sign ] : '念菲网络'
[ error ] : true
[ ip ] : '127.0.0.1'
[ date ] : '2019-01-03 14:32:52'
[ post ] : array (
  'phone' => '18797818194',
  'temp_id' => 1001,
  'sign_id' => 1000,
)

--------------------------------------------------------------------------------
[ param ] : array (
  'code' => '047054',
  'time' => 10,
)
[ phone ] : '18797818194'
[ temp ] : '您的验证码是@{code},@{time}分钟内有效!'
[ sign ] : '念菲网络'
[ error ] : true
[ ip ] : '127.0.0.1'
[ date ] : '2019-01-03 14:32:58'
[ post ] : array (
  'phone' => '18797818194',
  'temp_id' => 1001,
  'sign_id' => 1000,
)

--------------------------------------------------------------------------------
[ param ] : array (
  'code' => '828735',
  'time' => 10,
)
[ phone ] : '18797818194'
[ temp ] : '您的验证码是@{code},@{time}分钟内有效!'
[ sign ] : '念菲网络'
[ error ] : array (
  'status' => 'success',
  'send_id' => '7df759ad02c553a8e0e0cc290db538cc',
  'fee' => 1,
  'sms_credits' => '26',
  'transactional_sms_credits' => '0',
)
[ ip ] : '127.0.0.1'
[ date ] : '2019-01-03 14:36:01'
[ post ] : array (
  'phone' => '18797818194',
  'temp_id' => 1001,
  'sign_id' => 1000,
)

--------------------------------------------------------------------------------
[ param ] : array (
  'code' => '828735',
  'time' => 10,
)
[ phone ] : '18797818194'
[ temp ] : '您的验证码是@{code},@{time}分钟内有效!'
[ sign ] : '念菲网络'
[ error ] : '入库失败'
[ ip ] : '127.0.0.1'
[ date ] : '2019-01-03 14:36:01'
[ post ] : array (
  'phone' => '18797818194',
  'temp_id' => 1001,
  'sign_id' => 1000,
)

--------------------------------------------------------------------------------
[ param ] : array (
  'code' => '059571',
  'time' => 10,
)
[ phone ] : '18797818194'
[ temp ] : '您的验证码是@{code},有效期为@{time}分钟!'
[ sign ] : '念菲网络'
[ error ] : array (
  'status' => 'success',
  'send_id' => '7df759ad02c553a8e0e0cc290db538cc',
  'fee' => 1,
  'sms_credits' => '26',
  'transactional_sms_credits' => '0',
)
[ ip ] : '127.0.0.1'
[ date ] : '2019-01-03 14:45:06'
[ post ] : array (
  'phone' => '18797818194',
  'temp_id' => 1001,
  'sign_id' => 1000,
)

--------------------------------------------------------------------------------
