[ msg ] : '您的账号于2018-12-27 16:40:36在127.0.0.1登录!'
[ receive ] : '18797818194'
[ ip ] : '127.0.0.1'
[ date ] : '2018-12-27 16:40:36'
[ post ] : array (
  'mch_id' => '1',
  'mch_api_id' => '1001',
  'sign' => '9M2kaocwDU2R7mlCzjP8al6VrALOXaHS',
  'idcard' => '360726199608168616',
  'real_name' => '廖林盛',
)

--------------------------------------------------------------------------------
[ msg ] : '您的账号于2018-12-27 16:44:32在127.0.0.1登录!'
[ receive ] : '18797818194'
[ ip ] : '127.0.0.1'
[ date ] : '2018-12-27 16:44:32'
[ post ] : array (
  'user' => 'llseng',
  'password' => 'qq1300904522',
)

--------------------------------------------------------------------------------
