[ code ] : '123456'
[ phone ] : '18797818194'
[ product ] : false
[ tempcode ] : false
[ error ] : '接口请求异常 : Specified parameter Version is not valid.'
[ ip ] : '127.0.0.1'
[ date ] : '2018-11-08 11:56:07'
[ post ] : array (
)

--------------------------------------------------------------------------------
[ code ] : '123456'
[ phone ] : '18797818194'
[ product ] : false
[ tempcode ] : false
[ error ] : '接口请求异常 : 触发分钟级流控Permits:1'
[ ip ] : '127.0.0.1'
[ date ] : '2018-11-08 14:16:53'
[ post ] : array (
)

--------------------------------------------------------------------------------
[ code ] : '123456'
[ phone ] : '18797818194'
[ product ] : false
[ tempcode ] : false
[ error ] : '接口请求异常 : 触发分钟级流控Permits:1'
[ ip ] : '127.0.0.1'
[ date ] : '2018-11-08 14:16:56'
[ post ] : array (
)

--------------------------------------------------------------------------------
[ code ] : '123456'
[ phone ] : '18797818194'
[ product ] : false
[ tempcode ] : false
[ error ] : '接口请求异常 : 触发分钟级流控Permits:1'
[ ip ] : '127.0.0.1'
[ date ] : '2018-11-08 17:26:15'
[ post ] : array (
  'code' => '123456',
  'phone' => '18797818194',
)

--------------------------------------------------------------------------------
[ code ] : '123456'
[ phone ] : '18797818194'
[ product ] : false
[ tempcode ] : false
[ error ] : '接口请求异常 : 触发分钟级流控Permits:1'
[ ip ] : '127.0.0.1'
[ date ] : '2018-11-08 17:50:39'
[ post ] : array (
  'code' => '123456',
  'phone' => '18797818194',
)

--------------------------------------------------------------------------------
