[ idcard ] : '360726199608168616'
[ real_name ] : '廖林盛'
[ error ] : '请求第三方失败'
[ ip ] : '127.0.0.1'
[ date ] : '2018-12-27 13:11:38'
[ post ] : array (
  'mch_id' => '1',
  'mch_api_id' => '1001',
  'sign' => '9M2kaocwDU2R7mlCzjP8al6VrALOXaHS',
  'idcard' => '360726199608168616',
  'real_name' => '廖林盛',
)

--------------------------------------------------------------------------------
[ idcard ] : '360726199608168616'
[ real_name ] : '廖林盛'
[ error ] : '请求第三方失败'
[ ip ] : '127.0.0.1'
[ date ] : '2018-12-27 13:19:40'
[ post ] : array (
  'mch_id' => '1',
  'mch_api_id' => '1001',
  'sign' => '9M2kaocwDU2R7mlCzjP8al6VrALOXaHS',
  'idcard' => '360726199608168616',
  'real_name' => '廖林盛',
)

--------------------------------------------------------------------------------
[ idcard ] : '360726199608168616'
[ real_name ] : '廖林盛'
[ error ] : '请求第三方失败'
[ ip ] : '127.0.0.1'
[ date ] : '2018-12-27 13:22:28'
[ post ] : array (
  'mch_id' => '1',
  'mch_api_id' => '1001',
  'sign' => '9M2kaocwDU2R7mlCzjP8al6VrALOXaHS',
  'idcard' => '360726199608168616',
  'real_name' => '廖林盛',
)

--------------------------------------------------------------------------------
